[2018-09-13T14:21:30,491][INFO ][o.e.n.Node               ] [] initializing ...
[2018-09-13T14:21:30,797][INFO ][o.e.e.NodeEnvironment    ] [1eoVxYv] using [1] data paths, mounts [[(C:)]], net usable_space [432.5gb], net total_space [475.9gb], types [NTFS]
[2018-09-13T14:21:30,799][INFO ][o.e.e.NodeEnvironment    ] [1eoVxYv] heap size [990.7mb], compressed ordinary object pointers [true]
[2018-09-13T14:21:30,803][INFO ][o.e.n.Node               ] [1eoVxYv] node name derived from node ID [1eoVxYvoREy7AtIbeUa-HA]; set [node.name] to override
[2018-09-13T14:21:30,803][INFO ][o.e.n.Node               ] [1eoVxYv] version[6.4.0], pid[10312], build[default/zip/595516e/2018-08-17T23:18:47.308994Z], OS[Windows 10/10.0/amd64], JVM[Oracle Corporation/Java HotSpot(TM) 64-Bit Server VM/1.8.0_181/25.181-b13]
[2018-09-13T14:21:30,804][INFO ][o.e.n.Node               ] [1eoVxYv] JVM arguments [-Xms1g, -Xmx1g, -XX:+UseConcMarkSweepGC, -XX:CMSInitiatingOccupancyFraction=75, -XX:+UseCMSInitiatingOccupancyOnly, -XX:+AlwaysPreTouch, -Xss1m, -Djava.awt.headless=true, -Dfile.encoding=UTF-8, -Djna.nosys=true, -XX:-OmitStackTraceInFastThrow, -Dio.netty.noUnsafe=true, -Dio.netty.noKeySetOptimization=true, -Dio.netty.recycler.maxCapacityPerThread=0, -Dlog4j.shutdownHookEnabled=false, -Dlog4j2.disable.jmx=true, -Djava.io.tmpdir=C:\Users\DECATA~1\AppData\Local\Temp\elasticsearch, -XX:+HeapDumpOnOutOfMemoryError, -XX:HeapDumpPath=data, -XX:ErrorFile=logs/hs_err_pid%p.log, -XX:+PrintGCDetails, -XX:+PrintGCDateStamps, -XX:+PrintTenuringDistribution, -XX:+PrintGCApplicationStoppedTime, -Xloggc:logs/gc.log, -XX:+UseGCLogFileRotation, -XX:NumberOfGCLogFiles=32, -XX:GCLogFileSize=64m, -Delasticsearch, -Des.path.home=C:\Users\DeCataldisGa\Desktop\elasticsearch-6.4.0, -Des.path.conf=C:\Users\DeCataldisGa\Desktop\elasticsearch-6.4.0\config, -Des.distribution.flavor=default, -Des.distribution.type=zip]
[2018-09-13T14:21:33,142][INFO ][o.e.p.PluginsService     ] [1eoVxYv] loaded module [aggs-matrix-stats]
[2018-09-13T14:21:33,142][INFO ][o.e.p.PluginsService     ] [1eoVxYv] loaded module [analysis-common]
[2018-09-13T14:21:33,142][INFO ][o.e.p.PluginsService     ] [1eoVxYv] loaded module [ingest-common]
[2018-09-13T14:21:33,143][INFO ][o.e.p.PluginsService     ] [1eoVxYv] loaded module [lang-expression]
[2018-09-13T14:21:33,143][INFO ][o.e.p.PluginsService     ] [1eoVxYv] loaded module [lang-mustache]
[2018-09-13T14:21:33,143][INFO ][o.e.p.PluginsService     ] [1eoVxYv] loaded module [lang-painless]
[2018-09-13T14:21:33,143][INFO ][o.e.p.PluginsService     ] [1eoVxYv] loaded module [mapper-extras]
[2018-09-13T14:21:33,143][INFO ][o.e.p.PluginsService     ] [1eoVxYv] loaded module [parent-join]
[2018-09-13T14:21:33,144][INFO ][o.e.p.PluginsService     ] [1eoVxYv] loaded module [percolator]
[2018-09-13T14:21:33,144][INFO ][o.e.p.PluginsService     ] [1eoVxYv] loaded module [rank-eval]
[2018-09-13T14:21:33,144][INFO ][o.e.p.PluginsService     ] [1eoVxYv] loaded module [reindex]
[2018-09-13T14:21:33,144][INFO ][o.e.p.PluginsService     ] [1eoVxYv] loaded module [repository-url]
[2018-09-13T14:21:33,145][INFO ][o.e.p.PluginsService     ] [1eoVxYv] loaded module [transport-netty4]
[2018-09-13T14:21:33,145][INFO ][o.e.p.PluginsService     ] [1eoVxYv] loaded module [tribe]
[2018-09-13T14:21:33,146][INFO ][o.e.p.PluginsService     ] [1eoVxYv] loaded module [x-pack-core]
[2018-09-13T14:21:33,146][INFO ][o.e.p.PluginsService     ] [1eoVxYv] loaded module [x-pack-deprecation]
[2018-09-13T14:21:33,147][INFO ][o.e.p.PluginsService     ] [1eoVxYv] loaded module [x-pack-graph]
[2018-09-13T14:21:33,147][INFO ][o.e.p.PluginsService     ] [1eoVxYv] loaded module [x-pack-logstash]
[2018-09-13T14:21:33,148][INFO ][o.e.p.PluginsService     ] [1eoVxYv] loaded module [x-pack-ml]
[2018-09-13T14:21:33,148][INFO ][o.e.p.PluginsService     ] [1eoVxYv] loaded module [x-pack-monitoring]
[2018-09-13T14:21:33,148][INFO ][o.e.p.PluginsService     ] [1eoVxYv] loaded module [x-pack-rollup]
[2018-09-13T14:21:33,149][INFO ][o.e.p.PluginsService     ] [1eoVxYv] loaded module [x-pack-security]
[2018-09-13T14:21:33,149][INFO ][o.e.p.PluginsService     ] [1eoVxYv] loaded module [x-pack-sql]
[2018-09-13T14:21:33,150][INFO ][o.e.p.PluginsService     ] [1eoVxYv] loaded module [x-pack-upgrade]
[2018-09-13T14:21:33,150][INFO ][o.e.p.PluginsService     ] [1eoVxYv] loaded module [x-pack-watcher]
[2018-09-13T14:21:33,151][INFO ][o.e.p.PluginsService     ] [1eoVxYv] no plugins loaded
[2018-09-13T14:21:37,544][INFO ][o.e.x.s.a.s.FileRolesStore] [1eoVxYv] parsed [0] roles from file [C:\Users\DeCataldisGa\Desktop\elasticsearch-6.4.0\config\roles.yml]
[2018-09-13T14:21:38,242][INFO ][o.e.x.m.j.p.l.CppLogMessageHandler] [controller/14596] [Main.cc@109] controller (64 bit): Version 6.4.0 (Build cf8246175efff5) Copyright (c) 2018 Elasticsearch BV
[2018-09-13T14:21:38,716][DEBUG][o.e.a.ActionModule       ] Using REST wrapper from plugin org.elasticsearch.xpack.security.Security
[2018-09-13T14:21:38,967][INFO ][o.e.d.DiscoveryModule    ] [1eoVxYv] using discovery type [zen]
[2018-09-13T14:21:39,813][INFO ][o.e.n.Node               ] [1eoVxYv] initialized
[2018-09-13T14:21:39,813][INFO ][o.e.n.Node               ] [1eoVxYv] starting ...
[2018-09-13T14:21:40,499][INFO ][o.e.t.TransportService   ] [1eoVxYv] publish_address {127.0.0.1:9300}, bound_addresses {127.0.0.1:9300}, {[::1]:9300}
[2018-09-13T14:21:43,597][INFO ][o.e.c.s.MasterService    ] [1eoVxYv] zen-disco-elected-as-master ([0] nodes joined)[, ], reason: new_master {1eoVxYv}{1eoVxYvoREy7AtIbeUa-HA}{16Z9WSytSqiJaDzQHBvO1g}{127.0.0.1}{127.0.0.1:9300}{ml.machine_memory=16797032448, xpack.installed=true, ml.max_open_jobs=20, ml.enabled=true}
[2018-09-13T14:21:43,607][INFO ][o.e.c.s.ClusterApplierService] [1eoVxYv] new_master {1eoVxYv}{1eoVxYvoREy7AtIbeUa-HA}{16Z9WSytSqiJaDzQHBvO1g}{127.0.0.1}{127.0.0.1:9300}{ml.machine_memory=16797032448, xpack.installed=true, ml.max_open_jobs=20, ml.enabled=true}, reason: apply cluster state (from master [master {1eoVxYv}{1eoVxYvoREy7AtIbeUa-HA}{16Z9WSytSqiJaDzQHBvO1g}{127.0.0.1}{127.0.0.1:9300}{ml.machine_memory=16797032448, xpack.installed=true, ml.max_open_jobs=20, ml.enabled=true} committed version [1] source [zen-disco-elected-as-master ([0] nodes joined)[, ]]])
[2018-09-13T14:21:43,661][WARN ][o.e.x.s.a.s.m.NativeRoleMappingStore] [1eoVxYv] Failed to clear cache for realms [[]]
[2018-09-13T14:21:43,747][INFO ][o.e.g.GatewayService     ] [1eoVxYv] recovered [0] indices into cluster_state
[2018-09-13T14:21:44,017][INFO ][o.e.c.m.MetaDataIndexTemplateService] [1eoVxYv] adding template [.watch-history-9] for index patterns [.watcher-history-9*]
[2018-09-13T14:21:44,098][INFO ][o.e.c.m.MetaDataIndexTemplateService] [1eoVxYv] adding template [.watches] for index patterns [.watches*]
[2018-09-13T14:21:44,166][INFO ][o.e.c.m.MetaDataIndexTemplateService] [1eoVxYv] adding template [.triggered_watches] for index patterns [.triggered_watches*]
[2018-09-13T14:21:44,255][INFO ][o.e.c.m.MetaDataIndexTemplateService] [1eoVxYv] adding template [.monitoring-logstash] for index patterns [.monitoring-logstash-6-*]
[2018-09-13T14:21:44,343][INFO ][o.e.c.m.MetaDataIndexTemplateService] [1eoVxYv] adding template [.monitoring-es] for index patterns [.monitoring-es-6-*]
[2018-09-13T14:21:44,425][INFO ][o.e.c.m.MetaDataIndexTemplateService] [1eoVxYv] adding template [.monitoring-beats] for index patterns [.monitoring-beats-6-*]
[2018-09-13T14:21:44,545][INFO ][o.e.c.m.MetaDataIndexTemplateService] [1eoVxYv] adding template [.monitoring-alerts] for index patterns [.monitoring-alerts-6]
[2018-09-13T14:21:44,593][INFO ][o.e.c.m.MetaDataIndexTemplateService] [1eoVxYv] adding template [.monitoring-kibana] for index patterns [.monitoring-kibana-6-*]
[2018-09-13T14:21:44,987][INFO ][o.e.x.s.t.n.SecurityNetty4HttpServerTransport] [1eoVxYv] publish_address {127.0.0.1:9200}, bound_addresses {127.0.0.1:9200}, {[::1]:9200}
[2018-09-13T14:21:45,006][INFO ][o.e.n.Node               ] [1eoVxYv] started
[2018-09-13T14:21:45,100][INFO ][o.e.l.LicenseService     ] [1eoVxYv] license [cbfd3816-20d7-4ed3-aacc-faf0e2c29396] mode [basic] - valid
[2018-09-13T14:23:08,244][INFO ][o.e.n.Node               ] [] initializing ...
[2018-09-13T14:23:08,271][ERROR][o.e.b.Bootstrap          ] Exception
java.lang.IllegalStateException: failed to obtain node locks, tried [[C:\Users\DeCataldisGa\Desktop\elasticsearch-6.4.0\data\elasticsearch]] with lock id [0]; maybe these locations are not writable or multiple nodes were started without increasing [node.max_local_storage_nodes] (was [1])?
	at org.elasticsearch.env.NodeEnvironment.<init>(NodeEnvironment.java:243) ~[elasticsearch-6.4.0.jar:6.4.0]
	at org.elasticsearch.node.Node.<init>(Node.java:274) ~[elasticsearch-6.4.0.jar:6.4.0]
	at org.elasticsearch.node.Node.<init>(Node.java:256) ~[elasticsearch-6.4.0.jar:6.4.0]
	at org.elasticsearch.bootstrap.Bootstrap$5.<init>(Bootstrap.java:213) ~[elasticsearch-6.4.0.jar:6.4.0]
	at org.elasticsearch.bootstrap.Bootstrap.setup(Bootstrap.java:213) ~[elasticsearch-6.4.0.jar:6.4.0]
	at org.elasticsearch.bootstrap.Bootstrap.init(Bootstrap.java:326) [elasticsearch-6.4.0.jar:6.4.0]
	at org.elasticsearch.bootstrap.Elasticsearch.init(Elasticsearch.java:136) [elasticsearch-6.4.0.jar:6.4.0]
	at org.elasticsearch.bootstrap.Elasticsearch.execute(Elasticsearch.java:127) [elasticsearch-6.4.0.jar:6.4.0]
	at org.elasticsearch.cli.EnvironmentAwareCommand.execute(EnvironmentAwareCommand.java:86) [elasticsearch-6.4.0.jar:6.4.0]
	at org.elasticsearch.cli.Command.mainWithoutErrorHandling(Command.java:124) [elasticsearch-cli-6.4.0.jar:6.4.0]
	at org.elasticsearch.cli.Command.main(Command.java:90) [elasticsearch-cli-6.4.0.jar:6.4.0]
	at org.elasticsearch.bootstrap.Elasticsearch.main(Elasticsearch.java:93) [elasticsearch-6.4.0.jar:6.4.0]
	at org.elasticsearch.bootstrap.Elasticsearch.main(Elasticsearch.java:86) [elasticsearch-6.4.0.jar:6.4.0]
[2018-09-13T14:23:08,279][WARN ][o.e.b.ElasticsearchUncaughtExceptionHandler] [] uncaught exception in thread [main]
org.elasticsearch.bootstrap.StartupException: java.lang.IllegalStateException: failed to obtain node locks, tried [[C:\Users\DeCataldisGa\Desktop\elasticsearch-6.4.0\data\elasticsearch]] with lock id [0]; maybe these locations are not writable or multiple nodes were started without increasing [node.max_local_storage_nodes] (was [1])?
	at org.elasticsearch.bootstrap.Elasticsearch.init(Elasticsearch.java:140) ~[elasticsearch-6.4.0.jar:6.4.0]
	at org.elasticsearch.bootstrap.Elasticsearch.execute(Elasticsearch.java:127) ~[elasticsearch-6.4.0.jar:6.4.0]
	at org.elasticsearch.cli.EnvironmentAwareCommand.execute(EnvironmentAwareCommand.java:86) ~[elasticsearch-6.4.0.jar:6.4.0]
	at org.elasticsearch.cli.Command.mainWithoutErrorHandling(Command.java:124) ~[elasticsearch-cli-6.4.0.jar:6.4.0]
	at org.elasticsearch.cli.Command.main(Command.java:90) ~[elasticsearch-cli-6.4.0.jar:6.4.0]
	at org.elasticsearch.bootstrap.Elasticsearch.main(Elasticsearch.java:93) ~[elasticsearch-6.4.0.jar:6.4.0]
	at org.elasticsearch.bootstrap.Elasticsearch.main(Elasticsearch.java:86) ~[elasticsearch-6.4.0.jar:6.4.0]
Caused by: java.lang.IllegalStateException: failed to obtain node locks, tried [[C:\Users\DeCataldisGa\Desktop\elasticsearch-6.4.0\data\elasticsearch]] with lock id [0]; maybe these locations are not writable or multiple nodes were started without increasing [node.max_local_storage_nodes] (was [1])?
	at org.elasticsearch.env.NodeEnvironment.<init>(NodeEnvironment.java:243) ~[elasticsearch-6.4.0.jar:6.4.0]
	at org.elasticsearch.node.Node.<init>(Node.java:274) ~[elasticsearch-6.4.0.jar:6.4.0]
	at org.elasticsearch.node.Node.<init>(Node.java:256) ~[elasticsearch-6.4.0.jar:6.4.0]
	at org.elasticsearch.bootstrap.Bootstrap$5.<init>(Bootstrap.java:213) ~[elasticsearch-6.4.0.jar:6.4.0]
	at org.elasticsearch.bootstrap.Bootstrap.setup(Bootstrap.java:213) ~[elasticsearch-6.4.0.jar:6.4.0]
	at org.elasticsearch.bootstrap.Bootstrap.init(Bootstrap.java:326) ~[elasticsearch-6.4.0.jar:6.4.0]
	at org.elasticsearch.bootstrap.Elasticsearch.init(Elasticsearch.java:136) ~[elasticsearch-6.4.0.jar:6.4.0]
	... 6 more
[2018-09-13T14:24:12,770][INFO ][o.e.n.Node               ] [1eoVxYv] stopping ...
[2018-09-13T14:24:12,789][INFO ][o.e.x.w.WatcherService   ] [1eoVxYv] stopping watch service, reason [shutdown initiated]
[2018-09-13T14:24:13,200][INFO ][o.e.x.m.j.p.l.CppLogMessageHandler] [controller/14596] [Main.cc@148] Ml controller exiting
[2018-09-13T14:24:13,205][INFO ][o.e.x.m.j.p.NativeController] Native controller process has stopped - no new native processes can be started
[2018-09-13T14:24:13,219][INFO ][o.e.n.Node               ] [1eoVxYv] stopped
[2018-09-13T14:24:13,220][INFO ][o.e.n.Node               ] [1eoVxYv] closing ...
[2018-09-13T14:24:13,289][INFO ][o.e.n.Node               ] [1eoVxYv] closed
[2018-09-13T14:24:20,304][INFO ][o.e.n.Node               ] [] initializing ...
[2018-09-13T14:24:20,380][INFO ][o.e.e.NodeEnvironment    ] [1eoVxYv] using [1] data paths, mounts [[(C:)]], net usable_space [432.5gb], net total_space [475.9gb], types [NTFS]
[2018-09-13T14:24:20,383][INFO ][o.e.e.NodeEnvironment    ] [1eoVxYv] heap size [990.7mb], compressed ordinary object pointers [true]
[2018-09-13T14:24:20,388][INFO ][o.e.n.Node               ] [1eoVxYv] node name derived from node ID [1eoVxYvoREy7AtIbeUa-HA]; set [node.name] to override
[2018-09-13T14:24:20,389][INFO ][o.e.n.Node               ] [1eoVxYv] version[6.4.0], pid[15976], build[default/zip/595516e/2018-08-17T23:18:47.308994Z], OS[Windows 10/10.0/amd64], JVM[Oracle Corporation/Java HotSpot(TM) 64-Bit Server VM/1.8.0_181/25.181-b13]
[2018-09-13T14:24:20,389][INFO ][o.e.n.Node               ] [1eoVxYv] JVM arguments [-Xms1g, -Xmx1g, -XX:+UseConcMarkSweepGC, -XX:CMSInitiatingOccupancyFraction=75, -XX:+UseCMSInitiatingOccupancyOnly, -XX:+AlwaysPreTouch, -Xss1m, -Djava.awt.headless=true, -Dfile.encoding=UTF-8, -Djna.nosys=true, -XX:-OmitStackTraceInFastThrow, -Dio.netty.noUnsafe=true, -Dio.netty.noKeySetOptimization=true, -Dio.netty.recycler.maxCapacityPerThread=0, -Dlog4j.shutdownHookEnabled=false, -Dlog4j2.disable.jmx=true, -Djava.io.tmpdir=C:\Users\DECATA~1\AppData\Local\Temp\elasticsearch, -XX:+HeapDumpOnOutOfMemoryError, -XX:HeapDumpPath=data, -XX:ErrorFile=logs/hs_err_pid%p.log, -XX:+PrintGCDetails, -XX:+PrintGCDateStamps, -XX:+PrintTenuringDistribution, -XX:+PrintGCApplicationStoppedTime, -Xloggc:logs/gc.log, -XX:+UseGCLogFileRotation, -XX:NumberOfGCLogFiles=32, -XX:GCLogFileSize=64m, -Delasticsearch, -Des.path.home=C:\Users\DeCataldisGa\Desktop\elasticsearch-6.4.0, -Des.path.conf=C:\Users\DeCataldisGa\Desktop\elasticsearch-6.4.0\config, -Des.distribution.flavor=default, -Des.distribution.type=zip]
[2018-09-13T14:24:22,283][INFO ][o.e.p.PluginsService     ] [1eoVxYv] loaded module [aggs-matrix-stats]
[2018-09-13T14:24:22,284][INFO ][o.e.p.PluginsService     ] [1eoVxYv] loaded module [analysis-common]
[2018-09-13T14:24:22,284][INFO ][o.e.p.PluginsService     ] [1eoVxYv] loaded module [ingest-common]
[2018-09-13T14:24:22,284][INFO ][o.e.p.PluginsService     ] [1eoVxYv] loaded module [lang-expression]
[2018-09-13T14:24:22,289][INFO ][o.e.p.PluginsService     ] [1eoVxYv] loaded module [lang-mustache]
[2018-09-13T14:24:22,289][INFO ][o.e.p.PluginsService     ] [1eoVxYv] loaded module [lang-painless]
[2018-09-13T14:24:22,290][INFO ][o.e.p.PluginsService     ] [1eoVxYv] loaded module [mapper-extras]
[2018-09-13T14:24:22,291][INFO ][o.e.p.PluginsService     ] [1eoVxYv] loaded module [parent-join]
[2018-09-13T14:24:22,291][INFO ][o.e.p.PluginsService     ] [1eoVxYv] loaded module [percolator]
[2018-09-13T14:24:22,291][INFO ][o.e.p.PluginsService     ] [1eoVxYv] loaded module [rank-eval]
[2018-09-13T14:24:22,292][INFO ][o.e.p.PluginsService     ] [1eoVxYv] loaded module [reindex]
[2018-09-13T14:24:22,292][INFO ][o.e.p.PluginsService     ] [1eoVxYv] loaded module [repository-url]
[2018-09-13T14:24:22,292][INFO ][o.e.p.PluginsService     ] [1eoVxYv] loaded module [transport-netty4]
[2018-09-13T14:24:22,293][INFO ][o.e.p.PluginsService     ] [1eoVxYv] loaded module [tribe]
[2018-09-13T14:24:22,293][INFO ][o.e.p.PluginsService     ] [1eoVxYv] loaded module [x-pack-core]
[2018-09-13T14:24:22,294][INFO ][o.e.p.PluginsService     ] [1eoVxYv] loaded module [x-pack-deprecation]
[2018-09-13T14:24:22,294][INFO ][o.e.p.PluginsService     ] [1eoVxYv] loaded module [x-pack-graph]
[2018-09-13T14:24:22,295][INFO ][o.e.p.PluginsService     ] [1eoVxYv] loaded module [x-pack-logstash]
[2018-09-13T14:24:22,295][INFO ][o.e.p.PluginsService     ] [1eoVxYv] loaded module [x-pack-ml]
[2018-09-13T14:24:22,296][INFO ][o.e.p.PluginsService     ] [1eoVxYv] loaded module [x-pack-monitoring]
[2018-09-13T14:24:22,296][INFO ][o.e.p.PluginsService     ] [1eoVxYv] loaded module [x-pack-rollup]
[2018-09-13T14:24:22,297][INFO ][o.e.p.PluginsService     ] [1eoVxYv] loaded module [x-pack-security]
[2018-09-13T14:24:22,300][INFO ][o.e.p.PluginsService     ] [1eoVxYv] loaded module [x-pack-sql]
[2018-09-13T14:24:22,301][INFO ][o.e.p.PluginsService     ] [1eoVxYv] loaded module [x-pack-upgrade]
[2018-09-13T14:24:22,302][INFO ][o.e.p.PluginsService     ] [1eoVxYv] loaded module [x-pack-watcher]
[2018-09-13T14:24:22,302][INFO ][o.e.p.PluginsService     ] [1eoVxYv] no plugins loaded
[2018-09-13T14:24:26,169][INFO ][o.e.x.s.a.s.FileRolesStore] [1eoVxYv] parsed [0] roles from file [C:\Users\DeCataldisGa\Desktop\elasticsearch-6.4.0\config\roles.yml]
[2018-09-13T14:24:26,803][INFO ][o.e.x.m.j.p.l.CppLogMessageHandler] [controller/1728] [Main.cc@109] controller (64 bit): Version 6.4.0 (Build cf8246175efff5) Copyright (c) 2018 Elasticsearch BV
[2018-09-13T14:24:27,252][DEBUG][o.e.a.ActionModule       ] Using REST wrapper from plugin org.elasticsearch.xpack.security.Security
[2018-09-13T14:24:27,519][INFO ][o.e.d.DiscoveryModule    ] [1eoVxYv] using discovery type [zen]
[2018-09-13T14:24:28,620][INFO ][o.e.n.Node               ] [1eoVxYv] initialized
[2018-09-13T14:24:28,623][INFO ][o.e.n.Node               ] [1eoVxYv] starting ...
[2018-09-13T14:24:29,368][INFO ][o.e.t.TransportService   ] [1eoVxYv] publish_address {127.0.0.1:9300}, bound_addresses {127.0.0.1:9300}, {[::1]:9300}
[2018-09-13T14:24:32,531][INFO ][o.e.c.s.MasterService    ] [1eoVxYv] zen-disco-elected-as-master ([0] nodes joined)[, ], reason: new_master {1eoVxYv}{1eoVxYvoREy7AtIbeUa-HA}{Q5sTuRSVReqaM24brL6W0g}{127.0.0.1}{127.0.0.1:9300}{ml.machine_memory=16797032448, xpack.installed=true, ml.max_open_jobs=20, ml.enabled=true}
[2018-09-13T14:24:32,543][INFO ][o.e.c.s.ClusterApplierService] [1eoVxYv] new_master {1eoVxYv}{1eoVxYvoREy7AtIbeUa-HA}{Q5sTuRSVReqaM24brL6W0g}{127.0.0.1}{127.0.0.1:9300}{ml.machine_memory=16797032448, xpack.installed=true, ml.max_open_jobs=20, ml.enabled=true}, reason: apply cluster state (from master [master {1eoVxYv}{1eoVxYvoREy7AtIbeUa-HA}{Q5sTuRSVReqaM24brL6W0g}{127.0.0.1}{127.0.0.1:9300}{ml.machine_memory=16797032448, xpack.installed=true, ml.max_open_jobs=20, ml.enabled=true} committed version [1] source [zen-disco-elected-as-master ([0] nodes joined)[, ]]])
[2018-09-13T14:24:32,880][WARN ][o.e.x.s.a.s.m.NativeRoleMappingStore] [1eoVxYv] Failed to clear cache for realms [[]]
[2018-09-13T14:24:32,946][INFO ][o.e.l.LicenseService     ] [1eoVxYv] license [cbfd3816-20d7-4ed3-aacc-faf0e2c29396] mode [basic] - valid
[2018-09-13T14:24:32,963][INFO ][o.e.g.GatewayService     ] [1eoVxYv] recovered [0] indices into cluster_state
[2018-09-13T14:24:33,128][INFO ][o.e.x.s.t.n.SecurityNetty4HttpServerTransport] [1eoVxYv] publish_address {127.0.0.1:9200}, bound_addresses {127.0.0.1:9200}, {[::1]:9200}
[2018-09-13T14:24:33,128][INFO ][o.e.n.Node               ] [1eoVxYv] started
[2018-09-13T15:17:03,411][INFO ][o.e.n.Node               ] [1eoVxYv] stopping ...
[2018-09-13T15:17:03,428][INFO ][o.e.x.w.WatcherService   ] [1eoVxYv] stopping watch service, reason [shutdown initiated]
[2018-09-13T15:17:03,821][INFO ][o.e.x.m.j.p.l.CppLogMessageHandler] [controller/1728] [Main.cc@148] Ml controller exiting
[2018-09-13T15:17:03,826][INFO ][o.e.x.m.j.p.NativeController] Native controller process has stopped - no new native processes can be started
[2018-09-13T15:17:03,833][INFO ][o.e.n.Node               ] [1eoVxYv] stopped
[2018-09-13T15:17:03,833][INFO ][o.e.n.Node               ] [1eoVxYv] closing ...
[2018-09-13T15:17:03,844][INFO ][o.e.n.Node               ] [1eoVxYv] closed
[2018-09-13T15:17:45,973][INFO ][o.e.n.Node               ] [] initializing ...
[2018-09-13T15:17:46,053][INFO ][o.e.e.NodeEnvironment    ] [1eoVxYv] using [1] data paths, mounts [[(C:)]], net usable_space [431gb], net total_space [475.9gb], types [NTFS]
[2018-09-13T15:17:46,054][INFO ][o.e.e.NodeEnvironment    ] [1eoVxYv] heap size [990.7mb], compressed ordinary object pointers [true]
[2018-09-13T15:17:46,057][INFO ][o.e.n.Node               ] [1eoVxYv] node name derived from node ID [1eoVxYvoREy7AtIbeUa-HA]; set [node.name] to override
[2018-09-13T15:17:46,059][INFO ][o.e.n.Node               ] [1eoVxYv] version[6.4.0], pid[9180], build[default/zip/595516e/2018-08-17T23:18:47.308994Z], OS[Windows 10/10.0/amd64], JVM[Oracle Corporation/Java HotSpot(TM) 64-Bit Server VM/1.8.0_181/25.181-b13]
[2018-09-13T15:17:46,060][INFO ][o.e.n.Node               ] [1eoVxYv] JVM arguments [-Xms1g, -Xmx1g, -XX:+UseConcMarkSweepGC, -XX:CMSInitiatingOccupancyFraction=75, -XX:+UseCMSInitiatingOccupancyOnly, -XX:+AlwaysPreTouch, -Xss1m, -Djava.awt.headless=true, -Dfile.encoding=UTF-8, -Djna.nosys=true, -XX:-OmitStackTraceInFastThrow, -Dio.netty.noUnsafe=true, -Dio.netty.noKeySetOptimization=true, -Dio.netty.recycler.maxCapacityPerThread=0, -Dlog4j.shutdownHookEnabled=false, -Dlog4j2.disable.jmx=true, -Djava.io.tmpdir=C:\Users\DECATA~1\AppData\Local\Temp\elasticsearch, -XX:+HeapDumpOnOutOfMemoryError, -XX:HeapDumpPath=data, -XX:ErrorFile=logs/hs_err_pid%p.log, -XX:+PrintGCDetails, -XX:+PrintGCDateStamps, -XX:+PrintTenuringDistribution, -XX:+PrintGCApplicationStoppedTime, -Xloggc:logs/gc.log, -XX:+UseGCLogFileRotation, -XX:NumberOfGCLogFiles=32, -XX:GCLogFileSize=64m, -Delasticsearch, -Des.path.home=C:\Users\DeCataldisGa\Desktop\elasticsearch-6.4.0, -Des.path.conf=C:\Users\DeCataldisGa\Desktop\elasticsearch-6.4.0\config, -Des.distribution.flavor=default, -Des.distribution.type=zip]
[2018-09-13T15:17:47,973][INFO ][o.e.p.PluginsService     ] [1eoVxYv] loaded module [aggs-matrix-stats]
[2018-09-13T15:17:47,973][INFO ][o.e.p.PluginsService     ] [1eoVxYv] loaded module [analysis-common]
[2018-09-13T15:17:47,974][INFO ][o.e.p.PluginsService     ] [1eoVxYv] loaded module [ingest-common]
[2018-09-13T15:17:47,978][INFO ][o.e.p.PluginsService     ] [1eoVxYv] loaded module [lang-expression]
[2018-09-13T15:17:47,979][INFO ][o.e.p.PluginsService     ] [1eoVxYv] loaded module [lang-mustache]
[2018-09-13T15:17:47,979][INFO ][o.e.p.PluginsService     ] [1eoVxYv] loaded module [lang-painless]
[2018-09-13T15:17:47,979][INFO ][o.e.p.PluginsService     ] [1eoVxYv] loaded module [mapper-extras]
[2018-09-13T15:17:47,980][INFO ][o.e.p.PluginsService     ] [1eoVxYv] loaded module [parent-join]
[2018-09-13T15:17:47,980][INFO ][o.e.p.PluginsService     ] [1eoVxYv] loaded module [percolator]
[2018-09-13T15:17:47,981][INFO ][o.e.p.PluginsService     ] [1eoVxYv] loaded module [rank-eval]
[2018-09-13T15:17:47,981][INFO ][o.e.p.PluginsService     ] [1eoVxYv] loaded module [reindex]
[2018-09-13T15:17:47,981][INFO ][o.e.p.PluginsService     ] [1eoVxYv] loaded module [repository-url]
[2018-09-13T15:17:47,982][INFO ][o.e.p.PluginsService     ] [1eoVxYv] loaded module [transport-netty4]
[2018-09-13T15:17:47,982][INFO ][o.e.p.PluginsService     ] [1eoVxYv] loaded module [tribe]
[2018-09-13T15:17:47,983][INFO ][o.e.p.PluginsService     ] [1eoVxYv] loaded module [x-pack-core]
[2018-09-13T15:17:47,985][INFO ][o.e.p.PluginsService     ] [1eoVxYv] loaded module [x-pack-deprecation]
[2018-09-13T15:17:47,985][INFO ][o.e.p.PluginsService     ] [1eoVxYv] loaded module [x-pack-graph]
[2018-09-13T15:17:47,988][INFO ][o.e.p.PluginsService     ] [1eoVxYv] loaded module [x-pack-logstash]
[2018-09-13T15:17:47,989][INFO ][o.e.p.PluginsService     ] [1eoVxYv] loaded module [x-pack-ml]
[2018-09-13T15:17:47,990][INFO ][o.e.p.PluginsService     ] [1eoVxYv] loaded module [x-pack-monitoring]
[2018-09-13T15:17:47,990][INFO ][o.e.p.PluginsService     ] [1eoVxYv] loaded module [x-pack-rollup]
[2018-09-13T15:17:47,991][INFO ][o.e.p.PluginsService     ] [1eoVxYv] loaded module [x-pack-security]
[2018-09-13T15:17:47,991][INFO ][o.e.p.PluginsService     ] [1eoVxYv] loaded module [x-pack-sql]
[2018-09-13T15:17:47,992][INFO ][o.e.p.PluginsService     ] [1eoVxYv] loaded module [x-pack-upgrade]
[2018-09-13T15:17:47,992][INFO ][o.e.p.PluginsService     ] [1eoVxYv] loaded module [x-pack-watcher]
[2018-09-13T15:17:47,993][INFO ][o.e.p.PluginsService     ] [1eoVxYv] no plugins loaded
[2018-09-13T15:17:51,679][INFO ][o.e.x.s.a.s.FileRolesStore] [1eoVxYv] parsed [0] roles from file [C:\Users\DeCataldisGa\Desktop\elasticsearch-6.4.0\config\roles.yml]
[2018-09-13T15:17:52,231][INFO ][o.e.x.m.j.p.l.CppLogMessageHandler] [controller/8332] [Main.cc@109] controller (64 bit): Version 6.4.0 (Build cf8246175efff5) Copyright (c) 2018 Elasticsearch BV
[2018-09-13T15:17:52,596][DEBUG][o.e.a.ActionModule       ] Using REST wrapper from plugin org.elasticsearch.xpack.security.Security
[2018-09-13T15:17:52,868][INFO ][o.e.d.DiscoveryModule    ] [1eoVxYv] using discovery type [zen]
[2018-09-13T15:17:53,786][INFO ][o.e.n.Node               ] [1eoVxYv] initialized
[2018-09-13T15:17:53,787][INFO ][o.e.n.Node               ] [1eoVxYv] starting ...
[2018-09-13T15:17:54,454][INFO ][o.e.t.TransportService   ] [1eoVxYv] publish_address {127.0.0.1:9300}, bound_addresses {127.0.0.1:9300}, {[::1]:9300}
[2018-09-13T15:17:57,545][INFO ][o.e.c.s.MasterService    ] [1eoVxYv] zen-disco-elected-as-master ([0] nodes joined)[, ], reason: new_master {1eoVxYv}{1eoVxYvoREy7AtIbeUa-HA}{woVqPjSYSJ2BWO5JZgxnPg}{127.0.0.1}{127.0.0.1:9300}{ml.machine_memory=16797032448, xpack.installed=true, ml.max_open_jobs=20, ml.enabled=true}
[2018-09-13T15:17:57,588][INFO ][o.e.c.s.ClusterApplierService] [1eoVxYv] new_master {1eoVxYv}{1eoVxYvoREy7AtIbeUa-HA}{woVqPjSYSJ2BWO5JZgxnPg}{127.0.0.1}{127.0.0.1:9300}{ml.machine_memory=16797032448, xpack.installed=true, ml.max_open_jobs=20, ml.enabled=true}, reason: apply cluster state (from master [master {1eoVxYv}{1eoVxYvoREy7AtIbeUa-HA}{woVqPjSYSJ2BWO5JZgxnPg}{127.0.0.1}{127.0.0.1:9300}{ml.machine_memory=16797032448, xpack.installed=true, ml.max_open_jobs=20, ml.enabled=true} committed version [1] source [zen-disco-elected-as-master ([0] nodes joined)[, ]]])
[2018-09-13T15:17:57,951][WARN ][o.e.x.s.a.s.m.NativeRoleMappingStore] [1eoVxYv] Failed to clear cache for realms [[]]
[2018-09-13T15:17:58,017][INFO ][o.e.l.LicenseService     ] [1eoVxYv] license [cbfd3816-20d7-4ed3-aacc-faf0e2c29396] mode [basic] - valid
[2018-09-13T15:17:58,036][INFO ][o.e.g.GatewayService     ] [1eoVxYv] recovered [0] indices into cluster_state
[2018-09-13T15:17:58,164][INFO ][o.e.x.s.t.n.SecurityNetty4HttpServerTransport] [1eoVxYv] publish_address {127.0.0.1:9200}, bound_addresses {127.0.0.1:9200}, {[::1]:9200}
[2018-09-13T15:17:58,166][INFO ][o.e.n.Node               ] [1eoVxYv] started
[2018-09-13T15:18:53,110][INFO ][o.e.b.Bootstrap          ] running graceful exit on windows
[2018-09-13T15:18:53,111][INFO ][o.e.n.Node               ] [1eoVxYv] stopping ...
[2018-09-13T15:18:53,118][INFO ][o.e.x.w.WatcherService   ] [1eoVxYv] stopping watch service, reason [shutdown initiated]
[2018-09-13T15:18:53,134][INFO ][o.e.x.m.j.p.l.CppLogMessageHandler] [controller/8332] [Main.cc@148] Ml controller exiting
[2018-09-13T15:18:53,135][INFO ][o.e.x.m.j.p.NativeController] Native controller process has stopped - no new native processes can be started
[2018-09-13T15:18:53,147][INFO ][o.e.n.Node               ] [1eoVxYv] stopped
[2018-09-13T15:18:53,147][INFO ][o.e.n.Node               ] [1eoVxYv] closing ...
[2018-09-13T15:18:53,154][INFO ][o.e.n.Node               ] [1eoVxYv] closed
[2018-09-13T15:24:30,294][INFO ][o.e.n.Node               ] [] initializing ...
[2018-09-13T15:24:30,358][INFO ][o.e.e.NodeEnvironment    ] [1eoVxYv] using [1] data paths, mounts [[(C:)]], net usable_space [431gb], net total_space [475.9gb], types [NTFS]
[2018-09-13T15:24:30,359][INFO ][o.e.e.NodeEnvironment    ] [1eoVxYv] heap size [990.7mb], compressed ordinary object pointers [true]
[2018-09-13T15:24:30,361][INFO ][o.e.n.Node               ] [1eoVxYv] node name derived from node ID [1eoVxYvoREy7AtIbeUa-HA]; set [node.name] to override
[2018-09-13T15:24:30,361][INFO ][o.e.n.Node               ] [1eoVxYv] version[6.4.0], pid[15628], build[default/zip/595516e/2018-08-17T23:18:47.308994Z], OS[Windows 10/10.0/amd64], JVM[Oracle Corporation/Java HotSpot(TM) 64-Bit Server VM/1.8.0_181/25.181-b13]
[2018-09-13T15:24:30,362][INFO ][o.e.n.Node               ] [1eoVxYv] JVM arguments [-Xms1g, -Xmx1g, -XX:+UseConcMarkSweepGC, -XX:CMSInitiatingOccupancyFraction=75, -XX:+UseCMSInitiatingOccupancyOnly, -XX:+AlwaysPreTouch, -Xss1m, -Djava.awt.headless=true, -Dfile.encoding=UTF-8, -Djna.nosys=true, -XX:-OmitStackTraceInFastThrow, -Dio.netty.noUnsafe=true, -Dio.netty.noKeySetOptimization=true, -Dio.netty.recycler.maxCapacityPerThread=0, -Dlog4j.shutdownHookEnabled=false, -Dlog4j2.disable.jmx=true, -Djava.io.tmpdir=C:\Users\DECATA~1\AppData\Local\Temp\elasticsearch, -XX:+HeapDumpOnOutOfMemoryError, -XX:HeapDumpPath=data, -XX:ErrorFile=logs/hs_err_pid%p.log, -XX:+PrintGCDetails, -XX:+PrintGCDateStamps, -XX:+PrintTenuringDistribution, -XX:+PrintGCApplicationStoppedTime, -Xloggc:logs/gc.log, -XX:+UseGCLogFileRotation, -XX:NumberOfGCLogFiles=32, -XX:GCLogFileSize=64m, -Delasticsearch, -Des.path.home=C:\Users\DeCataldisGa\Desktop\elasticsearch-6.4.0, -Des.path.conf=C:\Users\DeCataldisGa\Desktop\elasticsearch-6.4.0\config, -Des.distribution.flavor=default, -Des.distribution.type=zip]
[2018-09-13T15:24:32,353][INFO ][o.e.p.PluginsService     ] [1eoVxYv] loaded module [aggs-matrix-stats]
[2018-09-13T15:24:32,353][INFO ][o.e.p.PluginsService     ] [1eoVxYv] loaded module [analysis-common]
[2018-09-13T15:24:32,353][INFO ][o.e.p.PluginsService     ] [1eoVxYv] loaded module [ingest-common]
[2018-09-13T15:24:32,353][INFO ][o.e.p.PluginsService     ] [1eoVxYv] loaded module [lang-expression]
[2018-09-13T15:24:32,353][INFO ][o.e.p.PluginsService     ] [1eoVxYv] loaded module [lang-mustache]
[2018-09-13T15:24:32,353][INFO ][o.e.p.PluginsService     ] [1eoVxYv] loaded module [lang-painless]
[2018-09-13T15:24:32,353][INFO ][o.e.p.PluginsService     ] [1eoVxYv] loaded module [mapper-extras]
[2018-09-13T15:24:32,353][INFO ][o.e.p.PluginsService     ] [1eoVxYv] loaded module [parent-join]
[2018-09-13T15:24:32,353][INFO ][o.e.p.PluginsService     ] [1eoVxYv] loaded module [percolator]
[2018-09-13T15:24:32,354][INFO ][o.e.p.PluginsService     ] [1eoVxYv] loaded module [rank-eval]
[2018-09-13T15:24:32,354][INFO ][o.e.p.PluginsService     ] [1eoVxYv] loaded module [reindex]
[2018-09-13T15:24:32,354][INFO ][o.e.p.PluginsService     ] [1eoVxYv] loaded module [repository-url]
[2018-09-13T15:24:32,354][INFO ][o.e.p.PluginsService     ] [1eoVxYv] loaded module [transport-netty4]
[2018-09-13T15:24:32,354][INFO ][o.e.p.PluginsService     ] [1eoVxYv] loaded module [tribe]
[2018-09-13T15:24:32,354][INFO ][o.e.p.PluginsService     ] [1eoVxYv] loaded module [x-pack-core]
[2018-09-13T15:24:32,354][INFO ][o.e.p.PluginsService     ] [1eoVxYv] loaded module [x-pack-deprecation]
[2018-09-13T15:24:32,354][INFO ][o.e.p.PluginsService     ] [1eoVxYv] loaded module [x-pack-graph]
[2018-09-13T15:24:32,354][INFO ][o.e.p.PluginsService     ] [1eoVxYv] loaded module [x-pack-logstash]
[2018-09-13T15:24:32,354][INFO ][o.e.p.PluginsService     ] [1eoVxYv] loaded module [x-pack-ml]
[2018-09-13T15:24:32,355][INFO ][o.e.p.PluginsService     ] [1eoVxYv] loaded module [x-pack-monitoring]
[2018-09-13T15:24:32,355][INFO ][o.e.p.PluginsService     ] [1eoVxYv] loaded module [x-pack-rollup]
[2018-09-13T15:24:32,355][INFO ][o.e.p.PluginsService     ] [1eoVxYv] loaded module [x-pack-security]
[2018-09-13T15:24:32,355][INFO ][o.e.p.PluginsService     ] [1eoVxYv] loaded module [x-pack-sql]
[2018-09-13T15:25:52,006][INFO ][o.e.p.PluginsService     ] [1eoVxYv] loaded module [x-pack-upgrade]
[2018-09-13T15:25:52,007][INFO ][o.e.p.PluginsService     ] [1eoVxYv] loaded module [x-pack-watcher]
[2018-09-13T15:25:52,008][INFO ][o.e.p.PluginsService     ] [1eoVxYv] no plugins loaded
[2018-09-13T15:25:56,904][INFO ][o.e.x.s.a.s.FileRolesStore] [1eoVxYv] parsed [0] roles from file [C:\Users\DeCataldisGa\Desktop\elasticsearch-6.4.0\config\roles.yml]
[2018-09-13T15:25:58,231][INFO ][o.e.x.m.j.p.l.CppLogMessageHandler] [controller/15752] [Main.cc@109] controller (64 bit): Version 6.4.0 (Build cf8246175efff5) Copyright (c) 2018 Elasticsearch BV
[2018-09-13T15:25:59,236][DEBUG][o.e.a.ActionModule       ] Using REST wrapper from plugin org.elasticsearch.xpack.security.Security
[2018-09-13T15:25:59,947][INFO ][o.e.d.DiscoveryModule    ] [1eoVxYv] using discovery type [zen]
[2018-09-13T15:26:02,044][INFO ][o.e.n.Node               ] [1eoVxYv] initialized
[2018-09-13T15:26:02,044][INFO ][o.e.n.Node               ] [1eoVxYv] starting ...
[2018-09-13T15:26:03,495][INFO ][o.e.t.TransportService   ] [1eoVxYv] publish_address {127.0.0.1:9300}, bound_addresses {127.0.0.1:9300}, {[::1]:9300}
[2018-09-13T15:26:06,855][INFO ][o.e.c.s.MasterService    ] [1eoVxYv] zen-disco-elected-as-master ([0] nodes joined)[, ], reason: new_master {1eoVxYv}{1eoVxYvoREy7AtIbeUa-HA}{Ax7ZtbFAQsK0q7PTbRAvFg}{127.0.0.1}{127.0.0.1:9300}{ml.machine_memory=16797032448, xpack.installed=true, ml.max_open_jobs=20, ml.enabled=true}
[2018-09-13T15:26:06,862][INFO ][o.e.c.s.ClusterApplierService] [1eoVxYv] new_master {1eoVxYv}{1eoVxYvoREy7AtIbeUa-HA}{Ax7ZtbFAQsK0q7PTbRAvFg}{127.0.0.1}{127.0.0.1:9300}{ml.machine_memory=16797032448, xpack.installed=true, ml.max_open_jobs=20, ml.enabled=true}, reason: apply cluster state (from master [master {1eoVxYv}{1eoVxYvoREy7AtIbeUa-HA}{Ax7ZtbFAQsK0q7PTbRAvFg}{127.0.0.1}{127.0.0.1:9300}{ml.machine_memory=16797032448, xpack.installed=true, ml.max_open_jobs=20, ml.enabled=true} committed version [1] source [zen-disco-elected-as-master ([0] nodes joined)[, ]]])
[2018-09-13T15:26:07,255][WARN ][o.e.x.s.a.s.m.NativeRoleMappingStore] [1eoVxYv] Failed to clear cache for realms [[]]
[2018-09-13T15:26:07,383][INFO ][o.e.l.LicenseService     ] [1eoVxYv] license [cbfd3816-20d7-4ed3-aacc-faf0e2c29396] mode [basic] - valid
[2018-09-13T15:26:07,476][INFO ][o.e.n.Node               ] [] initializing ...
[2018-09-13T15:26:07,516][INFO ][o.e.g.GatewayService     ] [1eoVxYv] recovered [0] indices into cluster_state
[2018-09-13T15:26:07,563][ERROR][o.e.b.Bootstrap          ] Exception
java.lang.IllegalStateException: failed to obtain node locks, tried [[C:\Users\DeCataldisGa\Desktop\elasticsearch-6.4.0\data\elasticsearch]] with lock id [0]; maybe these locations are not writable or multiple nodes were started without increasing [node.max_local_storage_nodes] (was [1])?
	at org.elasticsearch.env.NodeEnvironment.<init>(NodeEnvironment.java:243) ~[elasticsearch-6.4.0.jar:6.4.0]
	at org.elasticsearch.node.Node.<init>(Node.java:274) ~[elasticsearch-6.4.0.jar:6.4.0]
	at org.elasticsearch.node.Node.<init>(Node.java:256) ~[elasticsearch-6.4.0.jar:6.4.0]
	at org.elasticsearch.bootstrap.Bootstrap$5.<init>(Bootstrap.java:213) ~[elasticsearch-6.4.0.jar:6.4.0]
	at org.elasticsearch.bootstrap.Bootstrap.setup(Bootstrap.java:213) ~[elasticsearch-6.4.0.jar:6.4.0]
	at org.elasticsearch.bootstrap.Bootstrap.init(Bootstrap.java:326) [elasticsearch-6.4.0.jar:6.4.0]
	at org.elasticsearch.bootstrap.Elasticsearch.init(Elasticsearch.java:136) [elasticsearch-6.4.0.jar:6.4.0]
	at org.elasticsearch.bootstrap.Elasticsearch.execute(Elasticsearch.java:127) [elasticsearch-6.4.0.jar:6.4.0]
	at org.elasticsearch.cli.EnvironmentAwareCommand.execute(EnvironmentAwareCommand.java:86) [elasticsearch-6.4.0.jar:6.4.0]
	at org.elasticsearch.cli.Command.mainWithoutErrorHandling(Command.java:124) [elasticsearch-cli-6.4.0.jar:6.4.0]
	at org.elasticsearch.cli.Command.main(Command.java:90) [elasticsearch-cli-6.4.0.jar:6.4.0]
	at org.elasticsearch.bootstrap.Elasticsearch.main(Elasticsearch.java:93) [elasticsearch-6.4.0.jar:6.4.0]
	at org.elasticsearch.bootstrap.Elasticsearch.main(Elasticsearch.java:86) [elasticsearch-6.4.0.jar:6.4.0]
[2018-09-13T15:26:07,584][WARN ][o.e.b.ElasticsearchUncaughtExceptionHandler] [] uncaught exception in thread [main]
org.elasticsearch.bootstrap.StartupException: java.lang.IllegalStateException: failed to obtain node locks, tried [[C:\Users\DeCataldisGa\Desktop\elasticsearch-6.4.0\data\elasticsearch]] with lock id [0]; maybe these locations are not writable or multiple nodes were started without increasing [node.max_local_storage_nodes] (was [1])?
	at org.elasticsearch.bootstrap.Elasticsearch.init(Elasticsearch.java:140) ~[elasticsearch-6.4.0.jar:6.4.0]
	at org.elasticsearch.bootstrap.Elasticsearch.execute(Elasticsearch.java:127) ~[elasticsearch-6.4.0.jar:6.4.0]
	at org.elasticsearch.cli.EnvironmentAwareCommand.execute(EnvironmentAwareCommand.java:86) ~[elasticsearch-6.4.0.jar:6.4.0]
	at org.elasticsearch.cli.Command.mainWithoutErrorHandling(Command.java:124) ~[elasticsearch-cli-6.4.0.jar:6.4.0]
	at org.elasticsearch.cli.Command.main(Command.java:90) ~[elasticsearch-cli-6.4.0.jar:6.4.0]
	at org.elasticsearch.bootstrap.Elasticsearch.main(Elasticsearch.java:93) ~[elasticsearch-6.4.0.jar:6.4.0]
	at org.elasticsearch.bootstrap.Elasticsearch.main(Elasticsearch.java:86) ~[elasticsearch-6.4.0.jar:6.4.0]
Caused by: java.lang.IllegalStateException: failed to obtain node locks, tried [[C:\Users\DeCataldisGa\Desktop\elasticsearch-6.4.0\data\elasticsearch]] with lock id [0]; maybe these locations are not writable or multiple nodes were started without increasing [node.max_local_storage_nodes] (was [1])?
	at org.elasticsearch.env.NodeEnvironment.<init>(NodeEnvironment.java:243) ~[elasticsearch-6.4.0.jar:6.4.0]
	at org.elasticsearch.node.Node.<init>(Node.java:274) ~[elasticsearch-6.4.0.jar:6.4.0]
	at org.elasticsearch.node.Node.<init>(Node.java:256) ~[elasticsearch-6.4.0.jar:6.4.0]
	at org.elasticsearch.bootstrap.Bootstrap$5.<init>(Bootstrap.java:213) ~[elasticsearch-6.4.0.jar:6.4.0]
	at org.elasticsearch.bootstrap.Bootstrap.setup(Bootstrap.java:213) ~[elasticsearch-6.4.0.jar:6.4.0]
	at org.elasticsearch.bootstrap.Bootstrap.init(Bootstrap.java:326) ~[elasticsearch-6.4.0.jar:6.4.0]
	at org.elasticsearch.bootstrap.Elasticsearch.init(Elasticsearch.java:136) ~[elasticsearch-6.4.0.jar:6.4.0]
	... 6 more
[2018-09-13T15:26:07,858][INFO ][o.e.x.s.t.n.SecurityNetty4HttpServerTransport] [1eoVxYv] publish_address {127.0.0.1:9200}, bound_addresses {127.0.0.1:9200}, {[::1]:9200}
[2018-09-13T15:26:07,859][INFO ][o.e.n.Node               ] [1eoVxYv] started
[2018-09-13T15:33:02,909][INFO ][o.e.n.Node               ] [] initializing ...
[2018-09-13T15:33:02,975][INFO ][o.e.e.NodeEnvironment    ] [1eoVxYv] using [1] data paths, mounts [[(C:)]], net usable_space [431gb], net total_space [475.9gb], types [NTFS]
[2018-09-13T15:33:02,976][INFO ][o.e.e.NodeEnvironment    ] [1eoVxYv] heap size [990.7mb], compressed ordinary object pointers [true]
[2018-09-13T15:33:02,978][INFO ][o.e.n.Node               ] [1eoVxYv] node name derived from node ID [1eoVxYvoREy7AtIbeUa-HA]; set [node.name] to override
[2018-09-13T15:33:02,978][INFO ][o.e.n.Node               ] [1eoVxYv] version[6.4.0], pid[9188], build[default/zip/595516e/2018-08-17T23:18:47.308994Z], OS[Windows 10/10.0/amd64], JVM[Oracle Corporation/Java HotSpot(TM) 64-Bit Server VM/1.8.0_181/25.181-b13]
[2018-09-13T15:33:02,978][INFO ][o.e.n.Node               ] [1eoVxYv] JVM arguments [-Xms1g, -Xmx1g, -XX:+UseConcMarkSweepGC, -XX:CMSInitiatingOccupancyFraction=75, -XX:+UseCMSInitiatingOccupancyOnly, -XX:+AlwaysPreTouch, -Xss1m, -Djava.awt.headless=true, -Dfile.encoding=UTF-8, -Djna.nosys=true, -XX:-OmitStackTraceInFastThrow, -Dio.netty.noUnsafe=true, -Dio.netty.noKeySetOptimization=true, -Dio.netty.recycler.maxCapacityPerThread=0, -Dlog4j.shutdownHookEnabled=false, -Dlog4j2.disable.jmx=true, -Djava.io.tmpdir=C:\Users\DECATA~1\AppData\Local\Temp\elasticsearch, -XX:+HeapDumpOnOutOfMemoryError, -XX:HeapDumpPath=data, -XX:ErrorFile=logs/hs_err_pid%p.log, -XX:+PrintGCDetails, -XX:+PrintGCDateStamps, -XX:+PrintTenuringDistribution, -XX:+PrintGCApplicationStoppedTime, -Xloggc:logs/gc.log, -XX:+UseGCLogFileRotation, -XX:NumberOfGCLogFiles=32, -XX:GCLogFileSize=64m, -Delasticsearch, -Des.path.home=C:\Users\DeCataldisGa\Desktop\elasticsearch-6.4.0, -Des.path.conf=C:\Users\DeCataldisGa\Desktop\elasticsearch-6.4.0\config, -Des.distribution.flavor=default, -Des.distribution.type=zip]
[2018-09-13T15:33:04,833][INFO ][o.e.p.PluginsService     ] [1eoVxYv] loaded module [aggs-matrix-stats]
[2018-09-13T15:33:04,834][INFO ][o.e.p.PluginsService     ] [1eoVxYv] loaded module [analysis-common]
[2018-09-13T15:33:04,834][INFO ][o.e.p.PluginsService     ] [1eoVxYv] loaded module [ingest-common]
[2018-09-13T15:33:04,834][INFO ][o.e.p.PluginsService     ] [1eoVxYv] loaded module [lang-expression]
[2018-09-13T15:33:04,834][INFO ][o.e.p.PluginsService     ] [1eoVxYv] loaded module [lang-mustache]
[2018-09-13T15:33:04,834][INFO ][o.e.p.PluginsService     ] [1eoVxYv] loaded module [lang-painless]
[2018-09-13T15:33:04,834][INFO ][o.e.p.PluginsService     ] [1eoVxYv] loaded module [mapper-extras]
[2018-09-13T15:33:04,834][INFO ][o.e.p.PluginsService     ] [1eoVxYv] loaded module [parent-join]
[2018-09-13T15:33:04,834][INFO ][o.e.p.PluginsService     ] [1eoVxYv] loaded module [percolator]
[2018-09-13T15:33:04,834][INFO ][o.e.p.PluginsService     ] [1eoVxYv] loaded module [rank-eval]
[2018-09-13T15:33:04,835][INFO ][o.e.p.PluginsService     ] [1eoVxYv] loaded module [reindex]
[2018-09-13T15:33:04,835][INFO ][o.e.p.PluginsService     ] [1eoVxYv] loaded module [repository-url]
[2018-09-13T15:33:04,835][INFO ][o.e.p.PluginsService     ] [1eoVxYv] loaded module [transport-netty4]
[2018-09-13T15:33:04,835][INFO ][o.e.p.PluginsService     ] [1eoVxYv] loaded module [tribe]
[2018-09-13T15:33:04,835][INFO ][o.e.p.PluginsService     ] [1eoVxYv] loaded module [x-pack-core]
[2018-09-13T15:33:04,835][INFO ][o.e.p.PluginsService     ] [1eoVxYv] loaded module [x-pack-deprecation]
[2018-09-13T15:33:04,835][INFO ][o.e.p.PluginsService     ] [1eoVxYv] loaded module [x-pack-graph]
[2018-09-13T15:33:04,835][INFO ][o.e.p.PluginsService     ] [1eoVxYv] loaded module [x-pack-logstash]
[2018-09-13T15:33:04,835][INFO ][o.e.p.PluginsService     ] [1eoVxYv] loaded module [x-pack-ml]
[2018-09-13T15:33:04,835][INFO ][o.e.p.PluginsService     ] [1eoVxYv] loaded module [x-pack-monitoring]
[2018-09-13T15:33:04,836][INFO ][o.e.p.PluginsService     ] [1eoVxYv] loaded module [x-pack-rollup]
[2018-09-13T15:33:04,836][INFO ][o.e.p.PluginsService     ] [1eoVxYv] loaded module [x-pack-security]
[2018-09-13T15:33:04,836][INFO ][o.e.p.PluginsService     ] [1eoVxYv] loaded module [x-pack-sql]
[2018-09-13T15:36:06,286][INFO ][o.e.p.PluginsService     ] [1eoVxYv] loaded module [x-pack-upgrade]
[2018-09-13T15:36:06,286][INFO ][o.e.p.PluginsService     ] [1eoVxYv] loaded module [x-pack-watcher]
[2018-09-13T15:36:06,287][INFO ][o.e.p.PluginsService     ] [1eoVxYv] no plugins loaded
[2018-09-13T15:36:11,567][INFO ][o.e.x.s.a.s.FileRolesStore] [1eoVxYv] parsed [0] roles from file [C:\Users\DeCataldisGa\Desktop\elasticsearch-6.4.0\config\roles.yml]
[2018-09-13T15:36:12,247][INFO ][o.e.x.m.j.p.l.CppLogMessageHandler] [controller/2868] [Main.cc@109] controller (64 bit): Version 6.4.0 (Build cf8246175efff5) Copyright (c) 2018 Elasticsearch BV
[2018-09-13T15:36:13,053][DEBUG][o.e.a.ActionModule       ] Using REST wrapper from plugin org.elasticsearch.xpack.security.Security
[2018-09-13T15:36:13,390][INFO ][o.e.d.DiscoveryModule    ] [1eoVxYv] using discovery type [zen]
[2018-09-13T15:36:14,507][INFO ][o.e.n.Node               ] [1eoVxYv] initialized
[2018-09-13T15:36:14,508][INFO ][o.e.n.Node               ] [1eoVxYv] starting ...
[2018-09-13T15:36:15,340][INFO ][o.e.t.TransportService   ] [1eoVxYv] publish_address {127.0.0.1:9300}, bound_addresses {127.0.0.1:9300}, {[::1]:9300}
[2018-09-13T15:36:18,457][INFO ][o.e.c.s.MasterService    ] [1eoVxYv] zen-disco-elected-as-master ([0] nodes joined)[, ], reason: new_master {1eoVxYv}{1eoVxYvoREy7AtIbeUa-HA}{qXIVNwreSiy7JCFFo1rQVg}{127.0.0.1}{127.0.0.1:9300}{ml.machine_memory=16797032448, xpack.installed=true, ml.max_open_jobs=20, ml.enabled=true}
[2018-09-13T15:36:18,464][INFO ][o.e.c.s.ClusterApplierService] [1eoVxYv] new_master {1eoVxYv}{1eoVxYvoREy7AtIbeUa-HA}{qXIVNwreSiy7JCFFo1rQVg}{127.0.0.1}{127.0.0.1:9300}{ml.machine_memory=16797032448, xpack.installed=true, ml.max_open_jobs=20, ml.enabled=true}, reason: apply cluster state (from master [master {1eoVxYv}{1eoVxYvoREy7AtIbeUa-HA}{qXIVNwreSiy7JCFFo1rQVg}{127.0.0.1}{127.0.0.1:9300}{ml.machine_memory=16797032448, xpack.installed=true, ml.max_open_jobs=20, ml.enabled=true} committed version [1] source [zen-disco-elected-as-master ([0] nodes joined)[, ]]])
[2018-09-13T15:36:18,854][WARN ][o.e.x.s.a.s.m.NativeRoleMappingStore] [1eoVxYv] Failed to clear cache for realms [[]]
[2018-09-13T15:36:18,926][INFO ][o.e.l.LicenseService     ] [1eoVxYv] license [cbfd3816-20d7-4ed3-aacc-faf0e2c29396] mode [basic] - valid
[2018-09-13T15:36:18,957][INFO ][o.e.g.GatewayService     ] [1eoVxYv] recovered [0] indices into cluster_state
[2018-09-13T15:36:19,312][INFO ][o.e.x.s.t.n.SecurityNetty4HttpServerTransport] [1eoVxYv] publish_address {127.0.0.1:9200}, bound_addresses {127.0.0.1:9200}, {[::1]:9200}
[2018-09-13T15:36:19,313][INFO ][o.e.n.Node               ] [1eoVxYv] started
[2018-09-13T15:36:34,804][INFO ][o.e.n.Node               ] [] initializing ...
[2018-09-13T15:36:34,833][ERROR][o.e.b.Bootstrap          ] Exception
java.lang.IllegalStateException: failed to obtain node locks, tried [[C:\Users\DeCataldisGa\Desktop\elasticsearch-6.4.0\data\elasticsearch]] with lock id [0]; maybe these locations are not writable or multiple nodes were started without increasing [node.max_local_storage_nodes] (was [1])?
	at org.elasticsearch.env.NodeEnvironment.<init>(NodeEnvironment.java:243) ~[elasticsearch-6.4.0.jar:6.4.0]
	at org.elasticsearch.node.Node.<init>(Node.java:274) ~[elasticsearch-6.4.0.jar:6.4.0]
	at org.elasticsearch.node.Node.<init>(Node.java:256) ~[elasticsearch-6.4.0.jar:6.4.0]
	at org.elasticsearch.bootstrap.Bootstrap$5.<init>(Bootstrap.java:213) ~[elasticsearch-6.4.0.jar:6.4.0]
	at org.elasticsearch.bootstrap.Bootstrap.setup(Bootstrap.java:213) ~[elasticsearch-6.4.0.jar:6.4.0]
	at org.elasticsearch.bootstrap.Bootstrap.init(Bootstrap.java:326) [elasticsearch-6.4.0.jar:6.4.0]
	at org.elasticsearch.bootstrap.Elasticsearch.init(Elasticsearch.java:136) [elasticsearch-6.4.0.jar:6.4.0]
	at org.elasticsearch.bootstrap.Elasticsearch.execute(Elasticsearch.java:127) [elasticsearch-6.4.0.jar:6.4.0]
	at org.elasticsearch.cli.EnvironmentAwareCommand.execute(EnvironmentAwareCommand.java:86) [elasticsearch-6.4.0.jar:6.4.0]
	at org.elasticsearch.cli.Command.mainWithoutErrorHandling(Command.java:124) [elasticsearch-cli-6.4.0.jar:6.4.0]
	at org.elasticsearch.cli.Command.main(Command.java:90) [elasticsearch-cli-6.4.0.jar:6.4.0]
	at org.elasticsearch.bootstrap.Elasticsearch.main(Elasticsearch.java:93) [elasticsearch-6.4.0.jar:6.4.0]
	at org.elasticsearch.bootstrap.Elasticsearch.main(Elasticsearch.java:86) [elasticsearch-6.4.0.jar:6.4.0]
[2018-09-13T15:36:34,841][WARN ][o.e.b.ElasticsearchUncaughtExceptionHandler] [] uncaught exception in thread [main]
org.elasticsearch.bootstrap.StartupException: java.lang.IllegalStateException: failed to obtain node locks, tried [[C:\Users\DeCataldisGa\Desktop\elasticsearch-6.4.0\data\elasticsearch]] with lock id [0]; maybe these locations are not writable or multiple nodes were started without increasing [node.max_local_storage_nodes] (was [1])?
	at org.elasticsearch.bootstrap.Elasticsearch.init(Elasticsearch.java:140) ~[elasticsearch-6.4.0.jar:6.4.0]
	at org.elasticsearch.bootstrap.Elasticsearch.execute(Elasticsearch.java:127) ~[elasticsearch-6.4.0.jar:6.4.0]
	at org.elasticsearch.cli.EnvironmentAwareCommand.execute(EnvironmentAwareCommand.java:86) ~[elasticsearch-6.4.0.jar:6.4.0]
	at org.elasticsearch.cli.Command.mainWithoutErrorHandling(Command.java:124) ~[elasticsearch-cli-6.4.0.jar:6.4.0]
	at org.elasticsearch.cli.Command.main(Command.java:90) ~[elasticsearch-cli-6.4.0.jar:6.4.0]
	at org.elasticsearch.bootstrap.Elasticsearch.main(Elasticsearch.java:93) ~[elasticsearch-6.4.0.jar:6.4.0]
	at org.elasticsearch.bootstrap.Elasticsearch.main(Elasticsearch.java:86) ~[elasticsearch-6.4.0.jar:6.4.0]
Caused by: java.lang.IllegalStateException: failed to obtain node locks, tried [[C:\Users\DeCataldisGa\Desktop\elasticsearch-6.4.0\data\elasticsearch]] with lock id [0]; maybe these locations are not writable or multiple nodes were started without increasing [node.max_local_storage_nodes] (was [1])?
	at org.elasticsearch.env.NodeEnvironment.<init>(NodeEnvironment.java:243) ~[elasticsearch-6.4.0.jar:6.4.0]
	at org.elasticsearch.node.Node.<init>(Node.java:274) ~[elasticsearch-6.4.0.jar:6.4.0]
	at org.elasticsearch.node.Node.<init>(Node.java:256) ~[elasticsearch-6.4.0.jar:6.4.0]
	at org.elasticsearch.bootstrap.Bootstrap$5.<init>(Bootstrap.java:213) ~[elasticsearch-6.4.0.jar:6.4.0]
	at org.elasticsearch.bootstrap.Bootstrap.setup(Bootstrap.java:213) ~[elasticsearch-6.4.0.jar:6.4.0]
	at org.elasticsearch.bootstrap.Bootstrap.init(Bootstrap.java:326) ~[elasticsearch-6.4.0.jar:6.4.0]
	at org.elasticsearch.bootstrap.Elasticsearch.init(Elasticsearch.java:136) ~[elasticsearch-6.4.0.jar:6.4.0]
	... 6 more
[2018-09-13T15:37:30,134][INFO ][o.e.n.Node               ] [] initializing ...
[2018-09-13T15:37:30,220][INFO ][o.e.e.NodeEnvironment    ] [1eoVxYv] using [1] data paths, mounts [[(C:)]], net usable_space [430.7gb], net total_space [475.9gb], types [NTFS]
[2018-09-13T15:37:30,220][INFO ][o.e.e.NodeEnvironment    ] [1eoVxYv] heap size [990.7mb], compressed ordinary object pointers [true]
[2018-09-13T15:37:30,222][INFO ][o.e.n.Node               ] [1eoVxYv] node name derived from node ID [1eoVxYvoREy7AtIbeUa-HA]; set [node.name] to override
[2018-09-13T15:37:30,223][INFO ][o.e.n.Node               ] [1eoVxYv] version[6.4.0], pid[15320], build[default/zip/595516e/2018-08-17T23:18:47.308994Z], OS[Windows 10/10.0/amd64], JVM[Oracle Corporation/Java HotSpot(TM) 64-Bit Server VM/1.8.0_181/25.181-b13]
[2018-09-13T15:37:30,223][INFO ][o.e.n.Node               ] [1eoVxYv] JVM arguments [-Xms1g, -Xmx1g, -XX:+UseConcMarkSweepGC, -XX:CMSInitiatingOccupancyFraction=75, -XX:+UseCMSInitiatingOccupancyOnly, -XX:+AlwaysPreTouch, -Xss1m, -Djava.awt.headless=true, -Dfile.encoding=UTF-8, -Djna.nosys=true, -XX:-OmitStackTraceInFastThrow, -Dio.netty.noUnsafe=true, -Dio.netty.noKeySetOptimization=true, -Dio.netty.recycler.maxCapacityPerThread=0, -Dlog4j.shutdownHookEnabled=false, -Dlog4j2.disable.jmx=true, -Djava.io.tmpdir=C:\Users\DECATA~1\AppData\Local\Temp\elasticsearch, -XX:+HeapDumpOnOutOfMemoryError, -XX:HeapDumpPath=data, -XX:ErrorFile=logs/hs_err_pid%p.log, -XX:+PrintGCDetails, -XX:+PrintGCDateStamps, -XX:+PrintTenuringDistribution, -XX:+PrintGCApplicationStoppedTime, -Xloggc:logs/gc.log, -XX:+UseGCLogFileRotation, -XX:NumberOfGCLogFiles=32, -XX:GCLogFileSize=64m, -Delasticsearch, -Des.path.home=C:\Users\DeCataldisGa\Desktop\elasticsearch-6.4.0, -Des.path.conf=C:\Users\DeCataldisGa\Desktop\elasticsearch-6.4.0\config, -Des.distribution.flavor=default, -Des.distribution.type=zip]
[2018-09-13T15:37:32,628][INFO ][o.e.p.PluginsService     ] [1eoVxYv] loaded module [aggs-matrix-stats]
[2018-09-13T15:37:32,628][INFO ][o.e.p.PluginsService     ] [1eoVxYv] loaded module [analysis-common]
[2018-09-13T15:37:32,628][INFO ][o.e.p.PluginsService     ] [1eoVxYv] loaded module [ingest-common]
[2018-09-13T15:37:32,629][INFO ][o.e.p.PluginsService     ] [1eoVxYv] loaded module [lang-expression]
[2018-09-13T15:37:32,629][INFO ][o.e.p.PluginsService     ] [1eoVxYv] loaded module [lang-mustache]
[2018-09-13T15:37:32,629][INFO ][o.e.p.PluginsService     ] [1eoVxYv] loaded module [lang-painless]
[2018-09-13T15:37:32,629][INFO ][o.e.p.PluginsService     ] [1eoVxYv] loaded module [mapper-extras]
[2018-09-13T15:37:32,629][INFO ][o.e.p.PluginsService     ] [1eoVxYv] loaded module [parent-join]
[2018-09-13T15:37:32,629][INFO ][o.e.p.PluginsService     ] [1eoVxYv] loaded module [percolator]
[2018-09-13T15:37:32,629][INFO ][o.e.p.PluginsService     ] [1eoVxYv] loaded module [rank-eval]
[2018-09-13T15:37:32,629][INFO ][o.e.p.PluginsService     ] [1eoVxYv] loaded module [reindex]
[2018-09-13T15:37:32,631][INFO ][o.e.p.PluginsService     ] [1eoVxYv] loaded module [repository-url]
[2018-09-13T15:37:32,631][INFO ][o.e.p.PluginsService     ] [1eoVxYv] loaded module [transport-netty4]
[2018-09-13T15:37:32,631][INFO ][o.e.p.PluginsService     ] [1eoVxYv] loaded module [tribe]
[2018-09-13T15:37:32,631][INFO ][o.e.p.PluginsService     ] [1eoVxYv] loaded module [x-pack-core]
[2018-09-13T15:37:32,631][INFO ][o.e.p.PluginsService     ] [1eoVxYv] loaded module [x-pack-deprecation]
[2018-09-13T15:37:32,631][INFO ][o.e.p.PluginsService     ] [1eoVxYv] loaded module [x-pack-graph]
[2018-09-13T15:37:32,631][INFO ][o.e.p.PluginsService     ] [1eoVxYv] loaded module [x-pack-logstash]
[2018-09-13T15:37:32,632][INFO ][o.e.p.PluginsService     ] [1eoVxYv] loaded module [x-pack-ml]
[2018-09-13T15:37:32,632][INFO ][o.e.p.PluginsService     ] [1eoVxYv] loaded module [x-pack-monitoring]
[2018-09-13T15:37:32,632][INFO ][o.e.p.PluginsService     ] [1eoVxYv] loaded module [x-pack-rollup]
[2018-09-13T15:37:32,634][INFO ][o.e.p.PluginsService     ] [1eoVxYv] loaded module [x-pack-security]
[2018-09-13T15:37:32,634][INFO ][o.e.p.PluginsService     ] [1eoVxYv] loaded module [x-pack-sql]
[2018-09-13T15:38:26,037][INFO ][o.e.p.PluginsService     ] [1eoVxYv] loaded module [x-pack-upgrade]
[2018-09-13T15:38:26,037][INFO ][o.e.p.PluginsService     ] [1eoVxYv] loaded module [x-pack-watcher]
[2018-09-13T15:38:26,038][INFO ][o.e.p.PluginsService     ] [1eoVxYv] no plugins loaded
[2018-09-13T15:38:31,307][INFO ][o.e.x.s.a.s.FileRolesStore] [1eoVxYv] parsed [0] roles from file [C:\Users\DeCataldisGa\Desktop\elasticsearch-6.4.0\config\roles.yml]
[2018-09-13T15:38:32,131][INFO ][o.e.x.m.j.p.l.CppLogMessageHandler] [controller/14696] [Main.cc@109] controller (64 bit): Version 6.4.0 (Build cf8246175efff5) Copyright (c) 2018 Elasticsearch BV
[2018-09-13T15:38:32,668][DEBUG][o.e.a.ActionModule       ] Using REST wrapper from plugin org.elasticsearch.xpack.security.Security
[2018-09-13T15:38:33,002][INFO ][o.e.d.DiscoveryModule    ] [1eoVxYv] using discovery type [zen]
[2018-09-13T15:38:34,008][INFO ][o.e.n.Node               ] [1eoVxYv] initialized
[2018-09-13T15:38:34,008][INFO ][o.e.n.Node               ] [1eoVxYv] starting ...
[2018-09-13T15:38:34,920][INFO ][o.e.t.TransportService   ] [1eoVxYv] publish_address {127.0.0.1:9300}, bound_addresses {127.0.0.1:9300}, {[::1]:9300}
[2018-09-13T15:38:38,028][INFO ][o.e.c.s.MasterService    ] [1eoVxYv] zen-disco-elected-as-master ([0] nodes joined)[, ], reason: new_master {1eoVxYv}{1eoVxYvoREy7AtIbeUa-HA}{flKto-XXRHOoV5UKn-TMFg}{127.0.0.1}{127.0.0.1:9300}{ml.machine_memory=16797032448, xpack.installed=true, ml.max_open_jobs=20, ml.enabled=true}
[2018-09-13T15:38:38,034][INFO ][o.e.c.s.ClusterApplierService] [1eoVxYv] new_master {1eoVxYv}{1eoVxYvoREy7AtIbeUa-HA}{flKto-XXRHOoV5UKn-TMFg}{127.0.0.1}{127.0.0.1:9300}{ml.machine_memory=16797032448, xpack.installed=true, ml.max_open_jobs=20, ml.enabled=true}, reason: apply cluster state (from master [master {1eoVxYv}{1eoVxYvoREy7AtIbeUa-HA}{flKto-XXRHOoV5UKn-TMFg}{127.0.0.1}{127.0.0.1:9300}{ml.machine_memory=16797032448, xpack.installed=true, ml.max_open_jobs=20, ml.enabled=true} committed version [1] source [zen-disco-elected-as-master ([0] nodes joined)[, ]]])
[2018-09-13T15:38:38,436][WARN ][o.e.x.s.a.s.m.NativeRoleMappingStore] [1eoVxYv] Failed to clear cache for realms [[]]
[2018-09-13T15:38:38,496][INFO ][o.e.l.LicenseService     ] [1eoVxYv] license [cbfd3816-20d7-4ed3-aacc-faf0e2c29396] mode [basic] - valid
[2018-09-13T15:38:38,517][INFO ][o.e.g.GatewayService     ] [1eoVxYv] recovered [0] indices into cluster_state
[2018-09-13T15:38:38,871][INFO ][o.e.x.s.t.n.SecurityNetty4HttpServerTransport] [1eoVxYv] publish_address {127.0.0.1:9200}, bound_addresses {127.0.0.1:9200}, {[::1]:9200}
[2018-09-13T15:38:38,872][INFO ][o.e.n.Node               ] [1eoVxYv] started
